Log file open, 07/28/16 20:44:22
LogInit:Display: Running engine for game: UE4_ProjectD
LogPlatformFile: Not using cached read wrapper
LogInit:Display: RandInit(-2102852110) SRandInit(-2102852105).
LogTaskGraph: Started task graph with 4 named threads and 7 total threads with 1 sets of task threads.
LogStats: Stats thread started at 4.123599
LogInit: Version: 4.12.5-3039270+++UE4+Release-4.12
LogInit: API Version: 2992821
LogInit: Net Version: 3039270
LogDevObjectVersion: Number of dev versions registered: 13
LogDevObjectVersion:   Dev-Blueprints (B0D832E4-1F89-4F0D-ACCF-7EB736FD4AA2): 3
LogDevObjectVersion:   Dev-Build (E1C64328-A22C-4D53-A36C-8E866417BD8C): 0
LogDevObjectVersion:   Dev-Core (375EC13C-06E4-48FB-B500-84F0262A717E): 1
LogDevObjectVersion:   Dev-Editor (E4B068ED-F494-42E9-A231-DA0B2E46BB41): 2
LogDevObjectVersion:   Dev-Framework (CFFC743F-43B0-4480-9391-14DF171D2073): 6
LogDevObjectVersion:   Dev-Mobile (B02B49B5-BB20-44E9-A304-32B752E40360): 0
LogDevObjectVersion:   Dev-Networking (A4E4105C-59A1-49B5-A7C5-40C4547EDFEE): 0
LogDevObjectVersion:   Dev-Online (39C831C9-5AE6-47DC-9A44-9C173E1C8E7C): 0
LogDevObjectVersion:   Dev-Physics (78F01B33-EBEA-4F98-B9B4-84EACCB95AA2): 0
LogDevObjectVersion:   Dev-Platform (6631380F-2D4D-43E0-8009-CF276956A95A): 0
LogDevObjectVersion:   Dev-Rendering (12F88B9F-8875-4AFC-A67C-D90C383ABD29): 2
LogDevObjectVersion:   Dev-Sequencer (7B5AE74C-D270-4C10-A958-57980B212A5A): 0
LogDevObjectVersion:   Dev-VR (D7296918-1DD6-4BDD-9DE2-64A83CC13884): 0
LogInit: Compiled (64-bit): Jul  6 2016 09:09:46
LogInit: Compiled with Visual C++: 19.00.23026.00
LogInit: Build Configuration: Development
LogInit: Branch Name: ++UE4+Release-4.12
LogInit: Command line:  
LogInit: Base directory: C:/Program Files (x86)/Epic Games/4.12/Engine/Binaries/Win64/
LogInit: Installed Engine Build: 1
LogInit: Using libcurl 7.41.0
LogInit:  - built for x86_64-pc-win32
LogInit:  - supports SSL with WinSSL
LogInit:  - other features:
LogInit:      CURL_VERSION_SSL
LogInit:      CURL_VERSION_IPV6
LogInit:      CURL_VERSION_ASYNCHDNS
LogInit:      CURL_VERSION_LARGEFILE
LogInit:      CURL_VERSION_IDN
LogInit:  CurlRequestOptions (configurable via config and command line):
LogInit:  - bVerifyPeer = true  - Libcurl will verify peer certificate
LogInit:  - bUseHttpProxy = false  - Libcurl will NOT use HTTP proxy
LogInit:  - bDontReuseConnections = false  - Libcurl will reuse connections
LogInit:  - CertBundlePath = nullptr  - Libcurl will use whatever was configured at build time.
LogInit: Presizing for max 8388607 objects, including 0 objects not considered by GC, pre-allocating 0 bytes for permanent pool.
LogInit: Object subsystem initialized
[2016.07.29-03.44.23:125][  0]LogInit: Selected Device Profile: [Windows]
[2016.07.29-03.44.23:125][  0]LogInit: Applying CVar settings loaded from the selected device profile: [Windows]
[2016.07.29-03.44.23:475][  0]LogInit: Computer: JASON-PC
[2016.07.29-03.44.23:476][  0]LogInit: User: Jason
[2016.07.29-03.44.23:476][  0]LogInit: CPU Page size=65536, Cores=4
[2016.07.29-03.44.23:476][  0]LogInit: High frequency timer resolution =3.215419 MHz
[2016.07.29-03.44.23:483][  0]LogMemory: Memory total: Physical=7.9GB (8GB approx)
[2016.07.29-03.44.23:483][  0]LogMemory: Platform Memory Stats for Windows
[2016.07.29-03.44.23:483][  0]LogMemory: Process Physical Memory: 189.84 MB used, 189.84 MB peak
[2016.07.29-03.44.23:483][  0]LogMemory: Process Virtual Memory: 196.02 MB used, 196.02 MB peak
[2016.07.29-03.44.23:483][  0]LogMemory: Physical Memory: 3743.84 MB used, 8085.93 MB total
[2016.07.29-03.44.23:483][  0]LogMemory: Virtual Memory: 523.06 MB used, 8388608.00 MB total
[2016.07.29-03.44.25:057][  0]LogTextLocalizationManager: No specific translations for ('en-US') exist, so ('en') translations will be used.
[2016.07.29-03.44.27:308][  0]LogD3D11RHI: D3D11 adapters:
[2016.07.29-03.44.27:340][  0]LogD3D11RHI:    0. 'NVIDIA GeForce GTX 560 Ti  ' (Feature Level 11_0)
[2016.07.29-03.44.27:340][  0]LogD3D11RHI:       978/0/3071 MB DedicatedVideo/DedicatedSystem/SharedSystem, Outputs:2, VendorId:0x10de
[2016.07.29-03.44.27:504][  0]LogD3D11RHI:    1. 'Intel(R) HD Graphics 3000' (Feature Level 10_0)
[2016.07.29-03.44.27:504][  0]LogD3D11RHI:       64/0/1632 MB DedicatedVideo/DedicatedSystem/SharedSystem, Outputs:1, VendorId:0x8086
[2016.07.29-03.44.27:504][  0]LogD3D11RHI: Chosen D3D11 Adapter: 0
[2016.07.29-03.44.27:540][  0]LogD3D11RHI: Creating new Direct3DDevice
[2016.07.29-03.44.27:540][  0]LogD3D11RHI:     GPU DeviceId: 0x1200 (for the marketing name, search the web for "GPU Device Id")
[2016.07.29-03.44.27:551][  0]LogWindows: EnumDisplayDevices:
[2016.07.29-03.44.27:551][  0]LogWindows:    0. 'NVIDIA GeForce GTX 560 Ti  ' (P:0 D:1)
[2016.07.29-03.44.27:552][  0]LogWindows:    1. 'NVIDIA GeForce GTX 560 Ti  ' (P:1 D:1)
[2016.07.29-03.44.27:552][  0]LogWindows:    2. 'Intel(R) HD Graphics 3000' (P:0 D:1)
[2016.07.29-03.44.27:552][  0]LogWindows:    3. 'Intel(R) HD Graphics 3000' (P:0 D:0)
[2016.07.29-03.44.27:553][  0]LogWindows:    4. 'RDPDD Chained DD' (P:0 D:0)
[2016.07.29-03.44.27:553][  0]LogWindows:    5. 'RDP Encoder Mirror Driver' (P:0 D:0)
[2016.07.29-03.44.27:553][  0]LogWindows:    6. 'RDP Reflector Display Driver' (P:0 D:0)
[2016.07.29-03.44.27:553][  0]LogWindows: DebugString: PrimaryIsNotTheChoosenAdapter PrimaryIsNotTheChoosenAdapter GetVideoDriverDetailsInvalid PrimaryIsNotTheChoosenAdapter GetVideoDriverDetailsInvalid PrimaryIsNotTheChoosenAdapter GetVideoDriverDetailsInvalid PrimaryIsNotTheChoosenAdapter FoundDriverCount:2 
[2016.07.29-03.44.27:553][  0]LogD3D11RHI:     Adapter Name: NVIDIA GeForce GTX 560 Ti  
[2016.07.29-03.44.27:554][  0]LogD3D11RHI:   Driver Version: 365.10 (internal:10.18.13.6510, unified:365.10)
[2016.07.29-03.44.27:554][  0]LogD3D11RHI:      Driver Date: 4-27-2016
[2016.07.29-03.44.27:554][  0]LogRHI: Texture pool is 684 MB (70% of 978 MB)
[2016.07.29-03.44.27:566][  0]LogD3D11RHI: Async texture creation enabled
[2016.07.29-03.44.27:952][  0]LogD3D11RHI: GPU Timing Frequency: 1000.000000 (Debug: 2 2)
[2016.07.29-03.44.28:121][  0]LogShaderCompilers: Guid format shader working directory is -20 characters bigger than the processId version (../../../../../../Users/Jason/Desktop/GitHub/ProjectD/UE4_ProjectD/Intermediate/Shaders/WorkingDirectory/7680/).
[2016.07.29-03.44.28:121][  0]LogShaderCompilers: Cleaned the shader compiler working directory 'C:/Users/Jason/AppData/Local/Temp/UnrealShaderWorkingDir/3275210E45ABA5A9325595ACDFBBCDFC/'.
[2016.07.29-03.44.28:175][  0]LogShaderCompilers:Display: Using Local Shader Compiler.
[2016.07.29-03.44.40:201][  0]LogTemp:Display: Loaded TP AllDesktopTargetPlatform
[2016.07.29-03.44.40:223][  0]LogTemp:Display: Loaded TP WindowsClientTargetPlatform
[2016.07.29-03.44.40:245][  0]LogTemp:Display: Loaded TP WindowsNoEditorTargetPlatform
[2016.07.29-03.44.40:266][  0]LogTemp:Display: Loaded TP WindowsServerTargetPlatform
[2016.07.29-03.44.40:281][  0]LogTemp:Display: Loaded TP WindowsTargetPlatform
[2016.07.29-03.44.40:302][  0]LogTemp:Display: Loaded TP AndroidTargetPlatform
[2016.07.29-03.44.40:313][  0]LogTemp:Display: Loaded TP Android_ASTCTargetPlatform
[2016.07.29-03.44.40:323][  0]LogTemp:Display: Loaded TP Android_ATCTargetPlatform
[2016.07.29-03.44.40:333][  0]LogTemp:Display: Loaded TP Android_DXTTargetPlatform
[2016.07.29-03.44.40:344][  0]LogTemp:Display: Loaded TP Android_ETC1TargetPlatform
[2016.07.29-03.44.40:355][  0]LogTemp:Display: Loaded TP Android_ETC2TargetPlatform
[2016.07.29-03.44.40:377][  0]LogTemp:Display: Loaded TP Android_MultiTargetPlatform
[2016.07.29-03.44.40:377][  0]LogTemp:Display: Loaded TP Android_PVRTCTargetPlatform
[2016.07.29-03.44.40:379][  0]LogTemp:Display: Loaded TP HTML5TargetPlatform
[2016.07.29-03.44.40:446][  0]LogTemp:Display: Loaded TP IOSTargetPlatform
[2016.07.29-03.44.40:463][  0]LogTemp:Display: Loaded TP TVOSTargetPlatform
[2016.07.29-03.44.40:477][  0]LogTemp:Display: Loaded TP LinuxNoEditorTargetPlatform
[2016.07.29-03.44.40:489][  0]LogTemp:Display: Loaded TP LinuxServerTargetPlatform
[2016.07.29-03.44.40:518][  0]LogTemp:Display: Loaded TP LinuxTargetPlatform
[2016.07.29-03.44.40:518][  0]LogTargetPlatformManager:Display: Building Assets For Windows
[2016.07.29-03.44.42:605][  0]LogDerivedDataCache:Display: Max Cache Size: 512 MB
[2016.07.29-03.44.45:780][  0]LogDerivedDataCache: Loaded boot cache 3.16s 50MB C:/Users/Jason/AppData/Local/UnrealEngine/4.12/DerivedDataCache/Boot.ddc.
[2016.07.29-03.44.45:780][  0]LogDerivedDataCache:Display: Loaded Boot cache: C:/Users/Jason/AppData/Local/UnrealEngine/4.12/DerivedDataCache/Boot.ddc
[2016.07.29-03.44.45:780][  0]LogDerivedDataCache: FDerivedDataBackendGraph:  Pak pak cache file ../../../../../../Users/Jason/Desktop/GitHub/ProjectD/UE4_ProjectD/DerivedDataCache/DDC.ddp not found, will not use a pak cache.
[2016.07.29-03.44.45:780][  0]LogDerivedDataCache: Unable to find inner node Pak for hierarchical cache Hierarchy.
[2016.07.29-03.44.45:780][  0]LogDerivedDataCache: FDerivedDataBackendGraph:  CompressedPak pak cache file ../../../../../../Users/Jason/Desktop/GitHub/ProjectD/UE4_ProjectD/DerivedDataCache/Compressed.ddp not found, will not use a pak cache.
[2016.07.29-03.44.45:780][  0]LogDerivedDataCache: Unable to find inner node CompressedPak for hierarchical cache Hierarchy.
[2016.07.29-03.44.45:844][  0]LogDerivedDataCache:Display: Pak cache opened for reading ../../../Engine/DerivedDataCache/Compressed.ddp.
[2016.07.29-03.44.45:889][  0]LogDerivedDataCache: Using Local data cache path C:/Users/Jason/AppData/Local/UnrealEngine/Common/DerivedDataCache: Writable
[2016.07.29-03.44.57:646][  0]LogInit: Selected Device Profile: [Windows]
[2016.07.29-03.44.57:813][  0]LogContentStreaming: Texture pool size is 0.00 MB
[2016.07.29-03.45.03:133][  0]LogMeshUtilities: No automatic mesh reduction module available
[2016.07.29-03.45.03:133][  0]LogMeshUtilities: No automatic mesh merging module available
[2016.07.29-03.45.03:133][  0]LogMeshUtilities: No distributed automatic mesh merging module available
[2016.07.29-03.45.09:241][  0]LogAssetRegistry: FAssetRegistry took 0.0334 seconds to start up
[2016.07.29-03.45.09:485][  0]LogPackageLocalizationCache: Processed 3 localized package path(s) for 2 prioritized culture(s) in 0.119192 seconds
[2016.07.29-03.45.09:655][  0]LogUObjectArray: 28739 objects as part of root set at end of initial load.
[2016.07.29-03.45.09:655][  0]LogUObjectAllocator: 5855632 out of 0 bytes used by permanent object pool.
[2016.07.29-03.45.09:655][  0]LogUObjectArray: CloseDisregardForGC: 0/0 objects in disregard for GC pool
[2016.07.29-03.45.09:824][  0]LogInit: WinSock: version 1.1 (2.2), MaxSocks=32767, MaxUdp=65467
[2016.07.29-03.45.20:821][  0]LogSlate: SlateFontCache - WITH_FREETYPE: 1, WITH_HARFBUZZ: 1
[2016.07.29-03.45.20:821][  0]LogSlate: SlateFontCache - WITH_FREETYPE: 1, WITH_HARFBUZZ: 1
[2016.07.29-03.45.45:121][  0]LogAssetRegistry:Error: Failed to open file for write ../../../../../../Users/Jason/Desktop/GitHub/ProjectD/UE4_ProjectD/Intermediate/CachedAssetRegistry.bin
[2016.07.29-03.45.45:818][  0]LogUdpMessaging: Initializing bridge on interface 0.0.0.0:0 to multicast group 230.0.0.1:6666.
[2016.07.29-03.45.50:795][  0]LogConfig:Warning: Failed to saved backup for config[SourceControlSettings]
[2016.07.29-03.45.50:873][  0]SourceControl: Info Source control is disabled
[2016.07.29-03.45.51:183][  0]SourceControl: Info Source control is disabled
[2016.07.29-03.45.51:247][  0]SourceControl: Info Source control is disabled
[2016.07.29-03.45.51:307][  0]SourceControl: Info Source control is disabled
[2016.07.29-03.45.53:013][  0]LogEngine: Initializing Engine...
[2016.07.29-03.45.53:803][  0]LogHMD: SteamVR failed to initialize.  Err: 108
[2016.07.29-03.45.53:809][  0]LogHMD: SteamVR failed to initialize.  Err: 108
[2016.07.29-03.45.55:000][  0]LogAIModule: Creating AISystem for world NewWorld
[2016.07.29-03.45.55:323][  0]LogInit: XAudio2 using 'Headphones (High Definition Audio Device)' : 2 channels at 44.1 kHz using 16 bits per sample (channel mask 0x3)
[2016.07.29-03.45.55:395][  0]LogInit: FAudioDevice initialized.
[2016.07.29-03.45.55:426][  0]LogDerivedDataCache:Error: Could not save memory cache C:/Users/Jason/AppData/Local/UnrealEngine/4.12/DerivedDataCache/Boot.ddc.
[2016.07.29-03.45.55:439][  0]LogInit: Texture streaming: Enabled
[2016.07.29-03.45.55:833][  0]LogInit: Transaction tracking system initialized
[2016.07.29-03.45.56:247][  0]BlueprintLog: New page: Editor Load
[2016.07.29-03.45.58:438][  0]LogConfig:Warning: Failed to saved backup for config[LocalizationServiceSettings]
[2016.07.29-03.45.58:473][  0]LocalizationService: Info Localization service is disabled
[2016.07.29-03.46.02:726][  0]LogConsoleResponse:Display: 
[2016.07.29-03.46.06:362][  0]LogFileCache: Scanning file cache for directory 'C:/Users/Jason/Desktop/GitHub/ProjectD/UE4_ProjectD/Content/' took 0.02s
[2016.07.29-03.46.06:362][  0]LogCook:Display: Max memory allowance for cook 8192mb
[2016.07.29-03.46.06:362][  0]LogCook:Display: Mobile HDR setting 1
[2016.07.29-03.46.10:185][  0]SourceControl: Info Source control is disabled
[2016.07.29-03.46.10:257][  0]Cmd: MAP LOAD FILE="../../../../../../Users/Jason/Desktop/GitHub/ProjectD/UE4_ProjectD/Content/ThirdPersonCPP/Maps/ThirdPersonExampleMap.umap" TEMPLATE=0 SHOWPROGRESS=1 FEATURELEVEL=3
[2016.07.29-03.46.10:354][  0]LightingResults: New page: Lighting Build
[2016.07.29-03.46.10:739][  0]MapCheck: New page: Map Check
[2016.07.29-03.46.10:739][  0]LightingResults: New page: Lighting Build
[2016.07.29-03.46.13:598][  0]LogTexture:Display: Building textures: HQ_Lightmap0_6 (AutoDXT)
[2016.07.29-03.46.13:616][  0]LogTexture:Display: Building textures: HQ_Lightmap1_1 (AutoDXT)
[2016.07.29-03.46.14:289][  0]LogTexture:Display: Building textures: HQ_Lightmap1_2 (AutoDXT)
[2016.07.29-03.46.14:527][  0]LogTexture:Display: Building textures: HQ_Lightmap1_3 (AutoDXT)
[2016.07.29-03.46.14:579][  0]LogTexture:Display: Building textures: HQ_Lightmap1_4 (AutoDXT)
[2016.07.29-03.46.14:640][  0]LogTexture:Display: Building textures: HQ_Lightmap1_5 (AutoDXT)
[2016.07.29-03.46.14:870][  0]LogAIModule: Creating AISystem for world ThirdPersonExampleMap
[2016.07.29-03.46.16:072][  0]LogEditorServer: Finished looking for orphan Actors (0.000 secs)
[2016.07.29-03.46.16:153][  0]Cmd: MAP CHECKDEP NOCLEARLOG
[2016.07.29-03.46.16:225][  0]MapCheck: Info Map check complete: 0 Error(s), 0 Warning(s), took 72.557ms to complete.
[2016.07.29-03.46.16:225][  0]LogFileHelpers: Loading map 'ThirdPersonExampleMap' took 5.992
[2016.07.29-03.46.18:219][  0]LogCollectionManager: Loaded 0 collections in 0.004136 seconds
[2016.07.29-03.46.18:346][  0]LogFileCache: Scanning file cache for directory 'C:/Users/Jason/Desktop/GitHub/ProjectD/UE4_ProjectD/Saved/Collections/' took 0.01s
[2016.07.29-03.46.18:346][  0]LogFileCache: Scanning file cache for directory 'C:/Users/Jason/Desktop/GitHub/ProjectD/UE4_ProjectD/Content/Developers/Jason/Collections/' took 0.01s
[2016.07.29-03.46.18:346][  0]LogFileCache: Scanning file cache for directory 'C:/Users/Jason/Desktop/GitHub/ProjectD/UE4_ProjectD/Content/Collections/' took 0.01s
[2016.07.29-03.46.18:346][  0]LogCollectionManager: Rebuilt the GUID cache for 0 collections in 0.000002 seconds
[2016.07.29-03.46.18:388][  0]LogContentBrowser: Native class hierarchy populated in 0.0382 seconds. Added 2049 classes and 371 folders.
[2016.07.29-03.46.18:501][  0]LogStats: UGameplayTagsManager::ConstructGameplayTagTree: Construct from data asset -  0.000 s
[2016.07.29-03.46.18:501][  0]LogStats: UGameplayTagsManager::ConstructGameplayTagTree: GameplayTagTreeChangedEvent.Broadcast -  0.000 s
[2016.07.29-03.46.18:502][  0]LogContentBrowser: Native class hierarchy updated for 'GameplayTags' in 0.0015 seconds. Added 12 classes and 0 folders.
[2016.07.29-03.46.18:569][  0]LogContentBrowser: Native class hierarchy updated for 'WidgetCarousel' in 0.0014 seconds. Added 0 classes and 0 folders.
[2016.07.29-03.46.20:521][  0]LogContentBrowser: Native class hierarchy updated for 'AddContentDialog' in 0.0026 seconds. Added 0 classes and 0 folders.
[2016.07.29-03.46.20:607][  0]LogContentBrowser: Native class hierarchy updated for 'SceneOutliner' in 0.0029 seconds. Added 1 classes and 2 folders.
[2016.07.29-03.46.22:712][  0]LogCrashTracker: Crashtracker disabled due to settings.
[2016.07.29-03.46.22:985][  0]LogUObjectGlobals:Warning: Failed to find object 'Class None.'
[2016.07.29-03.46.23:526][  0]LogContentBrowser: Native class hierarchy updated for 'HierarchicalLODOutliner' in 0.0026 seconds. Added 1 classes and 2 folders.
[2016.07.29-03.46.23:526][  0]LogLoad: Full Startup: 131.93 seconds (BP compile: 0.91 seconds)
[2016.07.29-03.46.23:526][  0]LogExternalProfiler: Found external profiler: VSPerf
[2016.07.29-03.46.23:526][  0]LogExternalProfiler: Using external profiler: VSPerf
[2016.07.29-03.46.23:917][  0]LogOcInput: OculusInput pre-init called
[2016.07.29-03.46.24:219][  0]LogContentStreaming: Texture pool size now 400 MB
[2016.07.29-03.46.26:022][  0]LogRenderer: Reallocating scene render targets to support 1192x620 (Frame:2).
[2016.07.29-03.46.29:240][  2]Cmd: QUIT_EDITOR
[2016.07.29-03.46.29:492][  2]LogExit: Preparing to exit.
[2016.07.29-03.46.30:201][  2]LogExit: Editor shut down
[2016.07.29-03.46.30:202][  2]LogExit: Transaction tracking system shut down
[2016.07.29-03.46.30:867][  2]LogObj: Freed 0b from 0 cluster array pools.
[2016.07.29-03.46.30:867][  2]LogExit: Object subsystem successfully closed.
[2016.07.29-03.46.31:106][  2]LogD3D11RHI: Shutdown
[2016.07.29-03.46.31:106][  2]LogD3D11RHI: CleanupD3DDevice
[2016.07.29-03.46.31:182][  2]LogD3D11RHI: ~FD3D11DynamicRHI
[2016.07.29-03.46.31:709][  2]LogModuleManager: Shutting down and abandoning module HierarchicalLODOutliner (214)
[2016.07.29-03.46.31:722][  2]LogModuleManager: Shutting down and abandoning module CrashTracker (213)
[2016.07.29-03.46.31:722][  2]LogModuleManager: Shutting down and abandoning module SceneOutliner (212)
[2016.07.29-03.46.31:722][  2]LogModuleManager: Shutting down and abandoning module WidgetCarousel (211)
[2016.07.29-03.46.31:722][  2]LogModuleManager: Shutting down and abandoning module AddContentDialog (210)
[2016.07.29-03.46.31:732][  2]LogModuleManager: Shutting down and abandoning module GameplayTags (209)
[2016.07.29-03.46.31:732][  2]LogModuleManager: Shutting down and abandoning module EditorWidgets (208)
[2016.07.29-03.46.31:732][  2]LogModuleManager: Shutting down and abandoning module CollectionManager (207)
[2016.07.29-03.46.31:732][  2]LogModuleManager: Shutting down and abandoning module StatsViewer (206)
[2016.07.29-03.46.31:741][  2]LogModuleManager: Shutting down and abandoning module FoliageEdit (205)
[2016.07.29-03.46.31:741][  2]LogModuleManager: Shutting down and abandoning module LandscapeEditor (204)
[2016.07.29-03.46.31:753][  2]LogModuleManager: Shutting down and abandoning module SceneDepthPickerMode (203)
[2016.07.29-03.46.31:753][  2]LogModuleManager: Shutting down and abandoning module ActorPickerMode (202)
[2016.07.29-03.46.31:753][  2]LogModuleManager: Shutting down and abandoning module GeometryMode (201)
[2016.07.29-03.46.31:753][  2]LogModuleManager: Shutting down and abandoning module TextureAlignMode (200)
[2016.07.29-03.46.31:753][  2]LogModuleManager: Shutting down and abandoning module BspMode (199)
[2016.07.29-03.46.31:753][  2]LogModuleManager: Shutting down and abandoning module HardwareSurvey (198)
[2016.07.29-03.46.31:753][  2]LogModuleManager: Shutting down and abandoning module SequenceRecorderSections (197)
[2016.07.29-03.46.31:753][  2]LogModuleManager: Shutting down and abandoning module SequenceRecorder (196)
[2016.07.29-03.46.31:753][  2]LogModuleManager: Shutting down and abandoning module AutomationWorker (195)
[2016.07.29-03.46.31:753][  2]LogModuleManager: Shutting down and abandoning module MatineeToLevelSequence (194)
[2016.07.29-03.46.31:753][  2]LogModuleManager: Shutting down and abandoning module PlacementMode (193)
[2016.07.29-03.46.31:767][  2]LogModuleManager: Shutting down and abandoning module LevelSequenceEditor (192)
[2016.07.29-03.46.31:767][  2]LogModuleManager: Shutting down and abandoning module CharacterAI (191)
[2016.07.29-03.46.31:767][  2]LogModuleManager: Shutting down and abandoning module SmartSnapping (190)
[2016.07.29-03.46.31:768][  2]LogModuleManager: Shutting down and abandoning module SessionServices (189)
[2016.07.29-03.46.31:768][  2]LogModuleManager: Shutting down and abandoning module ViewportSnapping (188)
[2016.07.29-03.46.31:768][  2]LogModuleManager: Shutting down and abandoning module LogVisualizer (187)
[2016.07.29-03.46.31:768][  2]LogModuleManager: Shutting down and abandoning module GameProjectGeneration (186)
[2016.07.29-03.46.31:817][  2]LogModuleManager: Shutting down and abandoning module IntroTutorials (185)
[2016.07.29-03.46.31:818][  2]LogModuleManager: Shutting down and abandoning module EditorLiveStreaming (184)
[2016.07.29-03.46.31:818][  2]LogModuleManager: Shutting down and abandoning module IOSPlatformEditor (183)
[2016.07.29-03.46.31:818][  2]LogModuleManager: Shutting down and abandoning module HTML5PlatformEditor (182)
[2016.07.29-03.46.31:818][  2]LogModuleManager: Shutting down and abandoning module AndroidDeviceDetection (181)
[2016.07.29-03.46.32:330][  2]LogModuleManager: Shutting down and abandoning module AndroidPlatformEditor (180)
[2016.07.29-03.46.32:330][  2]LogModuleManager: Shutting down and abandoning module IOSRuntimeSettings (179)
[2016.07.29-03.46.32:330][  2]LogModuleManager: Shutting down and abandoning module AndroidRuntimeSettings (178)
[2016.07.29-03.46.32:330][  2]LogModuleManager: Shutting down and abandoning module MergeActors (177)
[2016.07.29-03.46.32:352][  2]LogModuleManager: Shutting down and abandoning module SizeMap (176)
[2016.07.29-03.46.32:352][  2]LogModuleManager: Shutting down and abandoning module TreeMap (175)
[2016.07.29-03.46.32:352][  2]LogModuleManager: Shutting down and abandoning module ReferenceViewer (174)
[2016.07.29-03.46.32:352][  2]LogModuleManager: Shutting down and abandoning module LocalizationService (173)
[2016.07.29-03.46.32:352][  2]LogModuleManager: Shutting down and abandoning module LocalizationDashboard (172)
[2016.07.29-03.46.32:382][  2]LogModuleManager: Shutting down and abandoning module HardwareTargeting (171)
[2016.07.29-03.46.32:382][  2]LogModuleManager: Shutting down and abandoning module DeviceProfileEditor (170)
[2016.07.29-03.46.32:392][  2]LogModuleManager: Shutting down and abandoning module UndoHistory (169)
[2016.07.29-03.46.32:401][  2]LogModuleManager: Shutting down and abandoning module UserFeedback (168)
[2016.07.29-03.46.32:401][  2]LogModuleManager: Shutting down and abandoning module XmlParser (167)
[2016.07.29-03.46.32:401][  2]LogModuleManager: Shutting down and abandoning module Blutility (166)
[2016.07.29-03.46.32:401][  2]LogModuleManager: Shutting down and abandoning module ProjectTargetPlatformEditor (165)
[2016.07.29-03.46.32:401][  2]LogModuleManager: Shutting down and abandoning module ProjectSettingsViewer (164)
[2016.07.29-03.46.32:401][  2]LogModuleManager: Shutting down and abandoning module InputBindingEditor (163)
[2016.07.29-03.46.32:412][  2]LogModuleManager: Shutting down and abandoning module EditorSettingsViewer (162)
[2016.07.29-03.46.32:412][  2]LogModuleManager: Shutting down and abandoning module SettingsEditor (161)
[2016.07.29-03.46.32:423][  2]LogModuleManager: Shutting down and abandoning module ProjectLauncher (160)
[2016.07.29-03.46.32:443][  2]LogModuleManager: Shutting down and abandoning module SessionFrontend (159)
[2016.07.29-03.46.32:449][  2]LogModuleManager: Shutting down and abandoning module ProfilerClient (158)
[2016.07.29-03.46.32:468][  2]LogModuleManager: Shutting down and abandoning module TargetDeviceServices (157)
[2016.07.29-03.46.32:468][  2]LogModuleManager: Shutting down and abandoning module DeviceManager (156)
[2016.07.29-03.46.32:531][  2]LogModuleManager: Shutting down and abandoning module AutomationController (155)
[2016.07.29-03.46.32:545][  2]LogModuleManager: Shutting down and abandoning module AutomationWindow (154)
[2016.07.29-03.46.32:567][  2]LogModuleManager: Shutting down and abandoning module Layers (153)
[2016.07.29-03.46.32:585][  2]LogModuleManager: Shutting down and abandoning module ComponentVisualizers (152)
[2016.07.29-03.46.32:585][  2]LogModuleManager: Shutting down and abandoning module DetailCustomizations (151)
[2016.07.29-03.46.32:596][  2]LogModuleManager: Shutting down and abandoning module PackagesDialog (150)
[2016.07.29-03.46.32:607][  2]LogModuleManager: Shutting down and abandoning module Persona (149)
[2016.07.29-03.46.32:627][  2]LogModuleManager: Shutting down and abandoning module Kismet (148)
[2016.07.29-03.46.32:627][  2]LogModuleManager: Shutting down and abandoning module GraphEditor (147)
[2016.07.29-03.46.32:661][  2]LogModuleManager: Shutting down and abandoning module ClassViewer (146)
[2016.07.29-03.46.32:676][  2]LogModuleManager: Shutting down and abandoning module Toolbox (145)
[2016.07.29-03.46.32:676][  2]LogModuleManager: Shutting down and abandoning module ModuleUI (144)
[2016.07.29-03.46.32:689][  2]LogModuleManager: Shutting down and abandoning module MovieSceneTools (143)
[2016.07.29-03.46.32:697][  2]LogModuleManager: Shutting down and abandoning module OutputLog (142)
[2016.07.29-03.46.32:697][  2]LogModuleManager: Shutting down and abandoning module GammaUI (141)
[2016.07.29-03.46.32:706][  2]LogModuleManager: Shutting down and abandoning module Documentation (140)
[2016.07.29-03.46.32:706][  2]LogModuleManager: Shutting down and abandoning module StreamingPauseRendering (139)
[2016.07.29-03.46.32:706][  2]LogModuleManager: Shutting down and abandoning module AnalyticsET (138)
[2016.07.29-03.46.32:706][  2]LogModuleManager: Shutting down and abandoning module Analytics (137)
[2016.07.29-03.46.32:706][  2]LogModuleManager: Shutting down and abandoning module PortalServices (136)
[2016.07.29-03.46.32:706][  2]LogModuleManager: Shutting down and abandoning module PortalRpc (135)
[2016.07.29-03.46.32:706][  2]LogModuleManager: Shutting down and abandoning module MessagingRpc (134)
[2016.07.29-03.46.32:706][  2]LogModuleManager: Shutting down and abandoning module GameplayDebugger (133)
[2016.07.29-03.46.32:706][  2]LogModuleManager: Shutting down and abandoning module AITestSuite (132)
[2016.07.29-03.46.32:706][  2]LogModuleManager: Shutting down and abandoning module AIModule (131)
[2016.07.29-03.46.32:717][  2]LogModuleManager: Shutting down and abandoning module ProfilerService (130)
[2016.07.29-03.46.32:741][  2]LogModuleManager: Shutting down and abandoning module TaskGraph (129)
[2016.07.29-03.46.32:773][  2]LogModuleManager: Shutting down and abandoning module SlateRemote (128)
[2016.07.29-03.46.32:774][  2]LogModuleManager: Shutting down and abandoning module SteamVRController (127)
[2016.07.29-03.46.32:774][  2]LogModuleManager: Shutting down and abandoning module SteamVR (126)
[2016.07.29-03.46.32:774][  2]LogModuleManager: Shutting down and abandoning module ProceduralMeshComponent (125)
[2016.07.29-03.46.32:774][  2]LogModuleManager: Shutting down and abandoning module OculusLibrary (124)
[2016.07.29-03.46.32:774][  2]LogModuleManager: Shutting down and abandoning module OculusInput (123)
[2016.07.29-03.46.32:774][  2]LogModuleManager: Shutting down and abandoning module CustomMeshComponent (122)
[2016.07.29-03.46.32:774][  2]LogModuleManager: Shutting down and abandoning module CableComponent (121)
[2016.07.29-03.46.32:774][  2]LogModuleManager: Shutting down and abandoning module ArchVisCharacter (120)
[2016.07.29-03.46.32:774][  2]LogModuleManager: Shutting down and abandoning module MediaPlayerEditor (119)
[2016.07.29-03.46.32:831][  2]LogModuleManager: Shutting down and abandoning module HTML5Networking (118)
[2016.07.29-03.46.32:831][  2]LogModuleManager: Shutting down and abandoning module SuperSearch (117)
[2016.07.29-03.46.32:831][  2]LogModuleManager: Shutting down and abandoning module SuperSearchEditor (116)
[2016.07.29-03.46.32:831][  2]LogModuleManager: Shutting down and abandoning module SpeedTreeImporter (115)
[2016.07.29-03.46.32:831][  2]LogModuleManager: Shutting down and abandoning module PluginBrowser (114)
[2016.07.29-03.46.32:831][  2]LogModuleManager: Shutting down and abandoning module EpicSurvey (113)
[2016.07.29-03.46.32:831][  2]LogModuleManager: Shutting down and abandoning module DesktopPlatform (112)
[2016.07.29-03.46.32:861][  2]LogModuleManager: Shutting down and abandoning module VisualStudioSourceCodeAccess (111)
[2016.07.29-03.46.32:861][  2]LogModuleManager: Shutting down and abandoning module UObjectPlugin (110)
[2016.07.29-03.46.32:861][  2]LogModuleManager: Shutting down and abandoning module SubversionSourceControl (109)
[2016.07.29-03.46.32:861][  2]LogModuleManager: Shutting down and abandoning module PerforceSourceControl (108)
[2016.07.29-03.46.32:861][  2]LogModuleManager: Shutting down and abandoning module SourceControl (107)
[2016.07.29-03.46.32:890][  2]LogModuleManager: Shutting down and abandoning module GitSourceControl (106)
[2016.07.29-03.46.32:890][  2]LogModuleManager: Shutting down and abandoning module LightPropagationVolumeEditor (105)
[2016.07.29-03.46.32:890][  2]LogModuleManager: Shutting down and abandoning module PaperTiledImporter (104)
[2016.07.29-03.46.32:890][  2]LogModuleManager: Shutting down and abandoning module PaperSpriteSheetImporter (103)
[2016.07.29-03.46.32:890][  2]LogModuleManager: Shutting down and abandoning module MeshPaint (102)
[2016.07.29-03.46.32:890][  2]LogModuleManager: Shutting down and abandoning module PixelInspectorModule (101)
[2016.07.29-03.46.32:890][  2]LogModuleManager: Shutting down and abandoning module HotReload (100)
[2016.07.29-03.46.32:891][  2]LogModuleManager: Shutting down and abandoning module MainFrame (99)
[2016.07.29-03.46.32:891][  2]LogModuleManager: Shutting down and abandoning module LevelEditor (98)
[2016.07.29-03.46.32:892][  2]LogModuleManager: Shutting down and abandoning module ContentBrowser (97)
[2016.07.29-03.46.32:893][  2]LogModuleManager: Shutting down and abandoning module Paper2DEditor (96)
[2016.07.29-03.46.32:917][  2]LogModuleManager: Shutting down and abandoning module UE4_ProjectD (95)
[2016.07.29-03.46.32:918][  2]LogModuleManager: Shutting down and abandoning module UdpMessaging (94)
[2016.07.29-03.46.33:018][  2]LogModuleManager: Shutting down and abandoning module LightPropagationVolumeRuntime (93)
[2016.07.29-03.46.33:018][  2]LogModuleManager: Shutting down and abandoning module Paper2D (92)
[2016.07.29-03.46.33:018][  2]LogModuleManager: Shutting down and abandoning module WindowsMoviePlayer (91)
[2016.07.29-03.46.33:018][  2]LogModuleManager: Shutting down and abandoning module Media (90)
[2016.07.29-03.46.33:018][  2]LogModuleManager: Shutting down and abandoning module WmfMedia (89)
[2016.07.29-03.46.33:058][  2]LogModuleManager: Shutting down and abandoning module MediaAssets (88)
[2016.07.29-03.46.33:058][  2]LogModuleManager: Shutting down and abandoning module GameLiveStreaming (87)
[2016.07.29-03.46.33:058][  2]LogModuleManager: Shutting down and abandoning module GameplayTagsEditor (86)
[2016.07.29-03.46.33:058][  2]LogModuleManager: Shutting down and abandoning module OnlineBlueprintSupport (85)
[2016.07.29-03.46.33:058][  2]LogModuleManager: Shutting down and abandoning module VREditor (84)
[2016.07.29-03.46.33:071][  2]LogModuleManager: Shutting down and abandoning module GameplayTasksEditor (83)
[2016.07.29-03.46.33:071][  2]LogModuleManager: Shutting down and abandoning module PropertyEditor (82)
[2016.07.29-03.46.33:071][  2]LogModuleManager: Shutting down and abandoning module BehaviorTreeEditor (81)
[2016.07.29-03.46.33:080][  2]LogModuleManager: Shutting down and abandoning module FunctionalTesting (80)
[2016.07.29-03.46.33:097][  2]LogModuleManager: Shutting down and abandoning module CollisionAnalyzer (79)
[2016.07.29-03.46.33:104][  2]LogModuleManager: Shutting down and abandoning module Sequencer (78)
[2016.07.29-03.46.33:120][  2]LogModuleManager: Shutting down and abandoning module WorkspaceMenuStructure (77)
[2016.07.29-03.46.33:120][  2]LogModuleManager: Shutting down and abandoning module MessageLog (76)
[2016.07.29-03.46.33:128][  2]LogModuleManager: Shutting down and abandoning module AssetTools (75)
[2016.07.29-03.46.33:146][  2]LogModuleManager: Shutting down and abandoning module UMGEditor (74)
[2016.07.29-03.46.33:169][  2]LogModuleManager: Shutting down and abandoning module UMG (73)
[2016.07.29-03.46.33:184][  2]LogModuleManager: Shutting down and abandoning module SlateReflector (72)
[2016.07.29-03.46.33:192][  2]LogModuleManager: Shutting down and abandoning module Slate (71)
[2016.07.29-03.46.33:192][  2]LogModuleManager: Shutting down and abandoning module EditorStyle (70)
[2016.07.29-03.46.33:196][  2]LogModuleManager: Shutting down and abandoning module SourceCodeAccess (69)
[2016.07.29-03.46.33:196][  2]LogModuleManager: Shutting down and abandoning module HeadMountedDisplay (68)
[2016.07.29-03.46.33:197][  2]LogModuleManager: Shutting down and abandoning module XAudio2 (67)
[2016.07.29-03.46.33:197][  2]LogModuleManager: Shutting down and abandoning module Networking (65)
[2016.07.29-03.46.33:197][  2]LogModuleManager: Shutting down and abandoning module Core (64)
[2016.07.29-03.46.33:197][  2]LogModuleManager: Shutting down and abandoning module DirectoryWatcher (63)
[2016.07.29-03.46.33:198][  2]LogModuleManager: Shutting down and abandoning module AssetRegistry (62)
[2016.07.29-03.46.33:340][  2]LogModuleManager: Shutting down and abandoning module KismetCompiler (61)
[2016.07.29-03.46.33:340][  2]LogModuleManager: Shutting down and abandoning module PhysXFormats (60)
[2016.07.29-03.46.33:340][  2]LogModuleManager: Shutting down and abandoning module MeshUtilities (59)
[2016.07.29-03.46.33:354][  2]LogModuleManager: Shutting down and abandoning module DerivedDataCache (58)
[2016.07.29-03.46.33:537][  2]LogDerivedDataCache: Shutdown
[2016.07.29-03.46.33:537][  2]LogModuleManager: Shutting down and abandoning module VulkanShaderFormat (57)
[2016.07.29-03.46.33:537][  2]LogModuleManager: Shutting down and abandoning module ShaderFormatOpenGL (56)
[2016.07.29-03.46.33:556][  2]LogModuleManager: Shutting down and abandoning module ShaderFormatD3D (55)
[2016.07.29-03.46.33:556][  2]LogModuleManager: Shutting down and abandoning module MetalShaderFormat (54)
[2016.07.29-03.46.33:568][  2]LogModuleManager: Shutting down and abandoning module TextureFormatUncompressed (53)
[2016.07.29-03.46.33:568][  2]LogModuleManager: Shutting down and abandoning module TextureFormatPVR (52)
[2016.07.29-03.46.33:568][  2]LogModuleManager: Shutting down and abandoning module TextureFormatIntelISPCTexComp (51)
[2016.07.29-03.46.33:568][  2]LogModuleManager: Shutting down and abandoning module TextureFormatDXT (50)
[2016.07.29-03.46.33:568][  2]LogModuleManager: Shutting down and abandoning module ImageWrapper (49)
[2016.07.29-03.46.33:568][  2]LogModuleManager: Shutting down and abandoning module TextureFormatASTC (48)
[2016.07.29-03.46.33:568][  2]LogModuleManager: Shutting down and abandoning module TextureFormatAndroid (47)
[2016.07.29-03.46.33:568][  2]LogModuleManager: Shutting down and abandoning module AudioFormatOpus (46)
[2016.07.29-03.46.33:568][  2]LogModuleManager: Shutting down and abandoning module AudioFormatOgg (45)
[2016.07.29-03.46.33:568][  2]LogModuleManager: Shutting down and abandoning module AudioFormatADPCM (44)
[2016.07.29-03.46.33:568][  2]LogModuleManager: Shutting down and abandoning module LinuxTargetPlatform (43)
[2016.07.29-03.46.33:568][  2]LogModuleManager: Shutting down and abandoning module LinuxServerTargetPlatform (42)
[2016.07.29-03.46.33:568][  2]LogModuleManager: Shutting down and abandoning module LinuxNoEditorTargetPlatform (41)
[2016.07.29-03.46.33:568][  2]LogModuleManager: Shutting down and abandoning module TVOSTargetPlatform (40)
[2016.07.29-03.46.33:568][  2]LogModuleManager: Shutting down and abandoning module Messaging (39)
[2016.07.29-03.46.33:569][  2]LogModuleManager: Shutting down and abandoning module IOSTargetPlatform (38)
[2016.07.29-03.46.33:569][  2]LogModuleManager: Shutting down and abandoning module HTML5TargetPlatform (37)
[2016.07.29-03.46.33:569][  2]LogModuleManager: Shutting down and abandoning module Android_PVRTCTargetPlatform (36)
[2016.07.29-03.46.33:569][  2]LogModuleManager: Shutting down and abandoning module Android_MultiTargetPlatform (35)
[2016.07.29-03.46.33:569][  2]LogModuleManager: Shutting down and abandoning module Android_ETC2TargetPlatform (34)
[2016.07.29-03.46.33:569][  2]LogModuleManager: Shutting down and abandoning module Android_ETC1TargetPlatform (33)
[2016.07.29-03.46.33:569][  2]LogModuleManager: Shutting down and abandoning module Android_DXTTargetPlatform (32)
[2016.07.29-03.46.33:569][  2]LogModuleManager: Shutting down and abandoning module Android_ATCTargetPlatform (31)
[2016.07.29-03.46.33:569][  2]LogModuleManager: Shutting down and abandoning module Android_ASTCTargetPlatform (30)
[2016.07.29-03.46.33:569][  2]LogModuleManager: Shutting down and abandoning module AndroidTargetPlatform (29)
[2016.07.29-03.46.33:569][  2]LogModuleManager: Shutting down and abandoning module WindowsTargetPlatform (28)
[2016.07.29-03.46.33:569][  2]LogModuleManager: Shutting down and abandoning module WindowsServerTargetPlatform (27)
[2016.07.29-03.46.33:569][  2]LogModuleManager: Shutting down and abandoning module WindowsNoEditorTargetPlatform (26)
[2016.07.29-03.46.33:569][  2]LogModuleManager: Shutting down and abandoning module WindowsClientTargetPlatform (25)
[2016.07.29-03.46.33:569][  2]LogModuleManager: Shutting down and abandoning module AllDesktopTargetPlatform (24)
[2016.07.29-03.46.33:569][  2]LogModuleManager: Shutting down and abandoning module TargetPlatform (23)
[2016.07.29-03.46.33:569][  2]LogModuleManager: Shutting down and abandoning module InputCore (22)
[2016.07.29-03.46.33:569][  2]LogModuleManager: Shutting down and abandoning module Settings (21)
[2016.07.29-03.46.33:569][  2]LogModuleManager: Shutting down and abandoning module OnlineSubsystem (19)
[2016.07.29-03.46.33:569][  2]LogModuleManager: Shutting down and abandoning module HTTP (18)
[2016.07.29-03.46.39:279][  2]LogModuleManager: Shutting down and abandoning module XMPP (17)
[2016.07.29-03.46.39:347][  2]LogModuleManager: Shutting down and abandoning module OculusRift (16)
[2016.07.29-03.46.39:452][  2]LogModuleManager: Shutting down and abandoning module ExampleDeviceProfileSelector (15)
[2016.07.29-03.46.39:452][  2]LogModuleManager: Shutting down and abandoning module TextureCompressor (14)
[2016.07.29-03.46.39:452][  2]LogModuleManager: Shutting down and abandoning module ShaderCore (13)
[2016.07.29-03.46.39:452][  2]LogModuleManager: Shutting down and abandoning module Landscape (12)
[2016.07.29-03.46.39:452][  2]LogModuleManager: Shutting down and abandoning module SlateRHIRenderer (11)
[2016.07.29-03.46.39:470][  2]LogModuleManager: Shutting down and abandoning module OpenGLDrv (10)
[2016.07.29-03.46.39:484][  2]LogModuleManager: Shutting down and abandoning module D3D11RHI (9)
[2016.07.29-03.46.39:485][  2]LogModuleManager: Shutting down and abandoning module AnimGraphRuntime (8)
[2016.07.29-03.46.39:485][  2]LogModuleManager: Shutting down and abandoning module Renderer (7)
[2016.07.29-03.46.39:485][  2]LogModuleManager: Shutting down and abandoning module Engine (6)
[2016.07.29-03.46.39:485][  2]LogModuleManager: Shutting down and abandoning module CoreUObject (5)
[2016.07.29-03.46.39:485][  2]LogModuleManager: Shutting down and abandoning module NetworkFile (4)
[2016.07.29-03.46.39:485][  2]LogModuleManager: Shutting down and abandoning module StreamingFile (3)
[2016.07.29-03.46.39:485][  2]LogModuleManager: Shutting down and abandoning module SandboxFile (2)
[2016.07.29-03.46.39:485][  2]LogModuleManager: Shutting down and abandoning module PakFile (1)
[2016.07.29-03.46.39:502][  2]LogExit: Exiting.
[2016.07.29-03.46.39:504][  2]Log file closed, 07/28/16 20:46:39
