Log file open, 07/20/16 19:36:18
LogInit:Display: Running engine for game: UE4_ProjectD
LogPlatformFile: Not using cached read wrapper
LogInit:Display: RandInit(276450171) SRandInit(276450173).
LogTaskGraph: Started task graph with 4 named threads and 7 total threads with 1 sets of task threads.
LogStats: Stats thread started at 0.073907
LogInit:Warning: Incompatible or missing module: UE4Editor-UE4_ProjectD.dll
Running C:/Program Files (x86)/Epic Games/4.12/Engine/Binaries/DotNET/UnrealBuildTool.exe UE4_ProjectD Development Win64 -project="C:/Users/Jason/Desktop/GitHub/ProjectD/UE4_ProjectD/UE4_ProjectD.uproject" -editorrecompile -progress -noubtmakefiles -NoHotReloadFromIDE
@progress push 5%
Parsing headers for UE4_ProjectDEditor
  Running UnrealHeaderTool "C:\Users\Jason\Desktop\GitHub\ProjectD\UE4_ProjectD\UE4_ProjectD.uproject" "C:\Users\Jason\Desktop\GitHub\ProjectD\UE4_ProjectD\Intermediate\Build\Win64\UE4_ProjectDEditor\Development\UE4_ProjectDEditor.uhtmanifest" -LogCmds="loginit warning, logexit warning, logdatabase error" -Unattended -WarningsAsErrors -installed
Reflection code generated for UE4_ProjectDEditor in 3.9526341 seconds
@progress pop
Performing 8 actions (4 in parallel)
[2/8] Resource PCLaunch.rc
[3/8] Resource ModuleVersionResource.rc.inl
PCH.UE4_ProjectD.h.cpp
UE4_ProjectD.generated.cpp
UE4_ProjectDGameMode.cpp
UE4_ProjectD.cpp
UE4_ProjectDCharacter.cpp
[8/8] Link UE4Editor-UE4_ProjectD.dll
   Creating library C:\Users\Jason\Desktop\GitHub\ProjectD\UE4_ProjectD\Intermediate\Build\Win64\UE4Editor\Development\UE4Editor-UE4_ProjectD.lib and object C:\Users\Jason\Desktop\GitHub\ProjectD\UE4_ProjectD\Intermediate\Build\Win64\UE4Editor\Development\UE4Editor-UE4_ProjectD.exp
Failed to write dependency cache: Access to the path 'C:\Users\DT\Documents\ProjectD\UE4_ProjectD\Intermediate\Build\Win64\UE4_ProjectDEditor' is denied.
Total build time: 36.99 seconds
LogInit: Version: 4.12.5-3039270+++UE4+Release-4.12
LogInit: API Version: 2992821
LogInit: Net Version: 3039270
LogDevObjectVersion: Number of dev versions registered: 13
LogDevObjectVersion:   Dev-Blueprints (B0D832E4-1F89-4F0D-ACCF-7EB736FD4AA2): 3
LogDevObjectVersion:   Dev-Build (E1C64328-A22C-4D53-A36C-8E866417BD8C): 0
LogDevObjectVersion:   Dev-Core (375EC13C-06E4-48FB-B500-84F0262A717E): 1
LogDevObjectVersion:   Dev-Editor (E4B068ED-F494-42E9-A231-DA0B2E46BB41): 2
LogDevObjectVersion:   Dev-Framework (CFFC743F-43B0-4480-9391-14DF171D2073): 6
LogDevObjectVersion:   Dev-Mobile (B02B49B5-BB20-44E9-A304-32B752E40360): 0
LogDevObjectVersion:   Dev-Networking (A4E4105C-59A1-49B5-A7C5-40C4547EDFEE): 0
LogDevObjectVersion:   Dev-Online (39C831C9-5AE6-47DC-9A44-9C173E1C8E7C): 0
LogDevObjectVersion:   Dev-Physics (78F01B33-EBEA-4F98-B9B4-84EACCB95AA2): 0
LogDevObjectVersion:   Dev-Platform (6631380F-2D4D-43E0-8009-CF276956A95A): 0
LogDevObjectVersion:   Dev-Rendering (12F88B9F-8875-4AFC-A67C-D90C383ABD29): 2
LogDevObjectVersion:   Dev-Sequencer (7B5AE74C-D270-4C10-A958-57980B212A5A): 0
LogDevObjectVersion:   Dev-VR (D7296918-1DD6-4BDD-9DE2-64A83CC13884): 0
LogInit: Compiled (64-bit): Jul  6 2016 09:09:46
LogInit: Compiled with Visual C++: 19.00.23026.00
LogInit: Build Configuration: Development
LogInit: Branch Name: ++UE4+Release-4.12
LogInit: Command line:  
LogInit: Base directory: C:/Program Files (x86)/Epic Games/4.12/Engine/Binaries/Win64/
LogInit: Installed Engine Build: 1
LogInit: Using libcurl 7.41.0
LogInit:  - built for x86_64-pc-win32
LogInit:  - supports SSL with WinSSL
LogInit:  - other features:
LogInit:      CURL_VERSION_SSL
LogInit:      CURL_VERSION_IPV6
LogInit:      CURL_VERSION_ASYNCHDNS
LogInit:      CURL_VERSION_LARGEFILE
LogInit:      CURL_VERSION_IDN
LogInit:  CurlRequestOptions (configurable via config and command line):
LogInit:  - bVerifyPeer = true  - Libcurl will verify peer certificate
LogInit:  - bUseHttpProxy = false  - Libcurl will NOT use HTTP proxy
LogInit:  - bDontReuseConnections = false  - Libcurl will reuse connections
LogInit:  - CertBundlePath = nullptr  - Libcurl will use whatever was configured at build time.
LogInit: Presizing for max 8388607 objects, including 0 objects not considered by GC, pre-allocating 0 bytes for permanent pool.
LogInit: Object subsystem initialized
[2016.07.21-02.37.09:624][  0]LogInit: Selected Device Profile: [Windows]
[2016.07.21-02.37.09:624][  0]LogInit: Applying CVar settings loaded from the selected device profile: [Windows]
[2016.07.21-02.37.09:914][  0]LogInit: Computer: JASON-PC
[2016.07.21-02.37.09:914][  0]LogInit: User: Jason
[2016.07.21-02.37.09:914][  0]LogInit: CPU Page size=65536, Cores=4
[2016.07.21-02.37.09:915][  0]LogInit: High frequency timer resolution =3.215419 MHz
[2016.07.21-02.37.09:915][  0]LogMemory: Memory total: Physical=7.9GB (8GB approx)
[2016.07.21-02.37.09:915][  0]LogMemory: Platform Memory Stats for Windows
[2016.07.21-02.37.09:915][  0]LogMemory: Process Physical Memory: 192.36 MB used, 192.36 MB peak
[2016.07.21-02.37.09:915][  0]LogMemory: Process Virtual Memory: 196.45 MB used, 196.45 MB peak
[2016.07.21-02.37.09:915][  0]LogMemory: Physical Memory: 3856.51 MB used, 8085.93 MB total
[2016.07.21-02.37.09:915][  0]LogMemory: Virtual Memory: 536.29 MB used, 8388608.00 MB total
[2016.07.21-02.37.10:169][  0]LogTextLocalizationManager: No specific translations for ('en-US') exist, so ('en') translations will be used.
[2016.07.21-02.37.11:234][  0]LogD3D11RHI: D3D11 adapters:
[2016.07.21-02.37.11:258][  0]LogD3D11RHI:    0. 'NVIDIA GeForce GTX 560 Ti  ' (Feature Level 11_0)
[2016.07.21-02.37.11:258][  0]LogD3D11RHI:       978/0/3071 MB DedicatedVideo/DedicatedSystem/SharedSystem, Outputs:2, VendorId:0x10de
[2016.07.21-02.37.11:965][  0]LogD3D11RHI:    1. 'Intel(R) HD Graphics 3000' (Feature Level 10_0)
[2016.07.21-02.37.11:965][  0]LogD3D11RHI:       64/0/1632 MB DedicatedVideo/DedicatedSystem/SharedSystem, Outputs:1, VendorId:0x8086
[2016.07.21-02.37.11:965][  0]LogD3D11RHI: Chosen D3D11 Adapter: 0
[2016.07.21-02.37.12:033][  0]LogD3D11RHI: Creating new Direct3DDevice
[2016.07.21-02.37.12:033][  0]LogD3D11RHI:     GPU DeviceId: 0x1200 (for the marketing name, search the web for "GPU Device Id")
[2016.07.21-02.37.12:033][  0]LogWindows: EnumDisplayDevices:
[2016.07.21-02.37.12:034][  0]LogWindows:    0. 'NVIDIA GeForce GTX 560 Ti  ' (P:0 D:1)
[2016.07.21-02.37.12:034][  0]LogWindows:    1. 'NVIDIA GeForce GTX 560 Ti  ' (P:1 D:1)
[2016.07.21-02.37.12:034][  0]LogWindows:    2. 'Intel(R) HD Graphics 3000' (P:0 D:1)
[2016.07.21-02.37.12:035][  0]LogWindows:    3. 'Intel(R) HD Graphics 3000' (P:0 D:0)
[2016.07.21-02.37.12:035][  0]LogWindows:    4. 'RDPDD Chained DD' (P:0 D:0)
[2016.07.21-02.37.12:035][  0]LogWindows:    5. 'RDP Encoder Mirror Driver' (P:0 D:0)
[2016.07.21-02.37.12:035][  0]LogWindows:    6. 'RDP Reflector Display Driver' (P:0 D:0)
[2016.07.21-02.37.12:035][  0]LogWindows: DebugString: PrimaryIsNotTheChoosenAdapter PrimaryIsNotTheChoosenAdapter GetVideoDriverDetailsInvalid PrimaryIsNotTheChoosenAdapter GetVideoDriverDetailsInvalid PrimaryIsNotTheChoosenAdapter GetVideoDriverDetailsInvalid PrimaryIsNotTheChoosenAdapter FoundDriverCount:2 
[2016.07.21-02.37.12:035][  0]LogD3D11RHI:     Adapter Name: NVIDIA GeForce GTX 560 Ti  
[2016.07.21-02.37.12:084][  0]LogD3D11RHI:   Driver Version: 365.10 (internal:10.18.13.6510, unified:365.10)
[2016.07.21-02.37.12:084][  0]LogD3D11RHI:      Driver Date: 4-27-2016
[2016.07.21-02.37.12:084][  0]LogRHI: Texture pool is 684 MB (70% of 978 MB)
[2016.07.21-02.37.12:096][  0]LogD3D11RHI: Async texture creation enabled
[2016.07.21-02.37.12:361][  0]LogD3D11RHI: GPU Timing Frequency: 1000.000000 (Debug: 2 2)
[2016.07.21-02.37.12:451][  0]LogShaderCompilers: Guid format shader working directory is -21 characters bigger than the processId version (../../../../../../Users/Jason/Desktop/GitHub/ProjectD/UE4_ProjectD/Intermediate/Shaders/WorkingDirectory/10040/).
[2016.07.21-02.37.12:451][  0]LogShaderCompilers: Cleaned the shader compiler working directory 'C:/Users/Jason/AppData/Local/Temp/UnrealShaderWorkingDir/C104F12C46D1284A28ABA99351FEFBAA/'.
[2016.07.21-02.37.12:486][  0]LogShaderCompilers:Display: Using Local Shader Compiler.
[2016.07.21-02.37.22:739][  0]LogTemp:Display: Loaded TP AllDesktopTargetPlatform
[2016.07.21-02.37.22:770][  0]LogTemp:Display: Loaded TP WindowsClientTargetPlatform
[2016.07.21-02.37.22:786][  0]LogTemp:Display: Loaded TP WindowsNoEditorTargetPlatform
[2016.07.21-02.37.22:797][  0]LogTemp:Display: Loaded TP WindowsServerTargetPlatform
[2016.07.21-02.37.22:823][  0]LogTemp:Display: Loaded TP WindowsTargetPlatform
[2016.07.21-02.37.22:854][  0]LogTemp:Display: Loaded TP AndroidTargetPlatform
[2016.07.21-02.37.22:879][  0]LogTemp:Display: Loaded TP Android_ASTCTargetPlatform
[2016.07.21-02.37.22:899][  0]LogTemp:Display: Loaded TP Android_ATCTargetPlatform
[2016.07.21-02.37.22:913][  0]LogTemp:Display: Loaded TP Android_DXTTargetPlatform
[2016.07.21-02.37.22:926][  0]LogTemp:Display: Loaded TP Android_ETC1TargetPlatform
[2016.07.21-02.37.22:942][  0]LogTemp:Display: Loaded TP Android_ETC2TargetPlatform
[2016.07.21-02.37.23:160][  0]LogTemp:Display: Loaded TP Android_MultiTargetPlatform
[2016.07.21-02.37.23:160][  0]LogTemp:Display: Loaded TP Android_PVRTCTargetPlatform
[2016.07.21-02.37.23:195][  0]LogTemp:Display: Loaded TP HTML5TargetPlatform
[2016.07.21-02.37.23:286][  0]LogTemp:Display: Loaded TP IOSTargetPlatform
[2016.07.21-02.37.23:303][  0]LogTemp:Display: Loaded TP TVOSTargetPlatform
[2016.07.21-02.37.23:325][  0]LogTemp:Display: Loaded TP LinuxNoEditorTargetPlatform
[2016.07.21-02.37.23:341][  0]LogTemp:Display: Loaded TP LinuxServerTargetPlatform
[2016.07.21-02.37.23:369][  0]LogTemp:Display: Loaded TP LinuxTargetPlatform
[2016.07.21-02.37.23:369][  0]LogTargetPlatformManager:Display: Building Assets For Windows
[2016.07.21-02.37.24:291][  0]LogDerivedDataCache:Display: Max Cache Size: 512 MB
[2016.07.21-02.37.24:965][  0]LogDerivedDataCache: Loaded boot cache 0.66s 50MB C:/Users/Jason/AppData/Local/UnrealEngine/4.12/DerivedDataCache/Boot.ddc.
[2016.07.21-02.37.24:965][  0]LogDerivedDataCache:Display: Loaded Boot cache: C:/Users/Jason/AppData/Local/UnrealEngine/4.12/DerivedDataCache/Boot.ddc
[2016.07.21-02.37.24:965][  0]LogDerivedDataCache: FDerivedDataBackendGraph:  Pak pak cache file ../../../../../../Users/Jason/Desktop/GitHub/ProjectD/UE4_ProjectD/DerivedDataCache/DDC.ddp not found, will not use a pak cache.
[2016.07.21-02.37.24:965][  0]LogDerivedDataCache: Unable to find inner node Pak for hierarchical cache Hierarchy.
[2016.07.21-02.37.24:965][  0]LogDerivedDataCache: FDerivedDataBackendGraph:  CompressedPak pak cache file ../../../../../../Users/Jason/Desktop/GitHub/ProjectD/UE4_ProjectD/DerivedDataCache/Compressed.ddp not found, will not use a pak cache.
[2016.07.21-02.37.24:965][  0]LogDerivedDataCache: Unable to find inner node CompressedPak for hierarchical cache Hierarchy.
[2016.07.21-02.37.25:022][  0]LogDerivedDataCache:Display: Pak cache opened for reading ../../../Engine/DerivedDataCache/Compressed.ddp.
[2016.07.21-02.37.25:034][  0]LogDerivedDataCache: Using Local data cache path C:/Users/Jason/AppData/Local/UnrealEngine/Common/DerivedDataCache: Writable
[2016.07.21-02.37.31:565][  0]LogInit: Selected Device Profile: [Windows]
[2016.07.21-02.37.31:653][  0]LogContentStreaming: Texture pool size is 0.00 MB
[2016.07.21-02.37.34:854][  0]LogMeshUtilities: No automatic mesh reduction module available
[2016.07.21-02.37.34:854][  0]LogMeshUtilities: No automatic mesh merging module available
[2016.07.21-02.37.34:854][  0]LogMeshUtilities: No distributed automatic mesh merging module available
[2016.07.21-02.37.40:323][  0]LogAssetRegistry: FAssetRegistry took 0.0225 seconds to start up
[2016.07.21-02.37.40:514][  0]LogPackageLocalizationCache: Processed 3 localized package path(s) for 2 prioritized culture(s) in 0.075482 seconds
[2016.07.21-02.37.40:586][  0]LogUObjectArray: 28739 objects as part of root set at end of initial load.
[2016.07.21-02.37.40:586][  0]LogUObjectAllocator: 5855624 out of 0 bytes used by permanent object pool.
[2016.07.21-02.37.40:586][  0]LogUObjectArray: CloseDisregardForGC: 0/0 objects in disregard for GC pool
[2016.07.21-02.37.40:692][  0]LogInit: WinSock: version 1.1 (2.2), MaxSocks=32767, MaxUdp=65467
[2016.07.21-02.37.57:487][  0]LogSlate: SlateFontCache - WITH_FREETYPE: 1, WITH_HARFBUZZ: 1
[2016.07.21-02.37.57:506][  0]LogSlate: SlateFontCache - WITH_FREETYPE: 1, WITH_HARFBUZZ: 1
[2016.07.21-02.38.45:396][  0]LogUdpMessaging: Initializing bridge on interface 0.0.0.0:0 to multicast group 230.0.0.1:6666.
[2016.07.21-02.38.48:253][  0]SourceControl: Info Source control is disabled
[2016.07.21-02.38.48:346][  0]SourceControl: Info Source control is disabled
[2016.07.21-02.38.48:392][  0]SourceControl: Info Source control is disabled
[2016.07.21-02.38.48:442][  0]SourceControl: Info Source control is disabled
[2016.07.21-02.38.50:136][  0]LogEngine: Initializing Engine...
[2016.07.21-02.38.50:490][  0]LogHMD: SteamVR failed to initialize.  Err: 108
[2016.07.21-02.38.50:500][  0]LogHMD: SteamVR failed to initialize.  Err: 108
[2016.07.21-02.38.51:156][  0]LogAIModule: Creating AISystem for world NewWorld
[2016.07.21-02.38.51:357][  0]LogInit: XAudio2 using 'Headphones (High Definition Audio Device)' : 2 channels at 44.1 kHz using 16 bits per sample (channel mask 0x3)
[2016.07.21-02.38.51:400][  0]LogInit: FAudioDevice initialized.
[2016.07.21-02.38.51:431][  0]LogDerivedDataCache: Saved boot cache 0.03s 50MB C:/Users/Jason/AppData/Local/UnrealEngine/4.12/DerivedDataCache/Boot.ddc.
[2016.07.21-02.38.51:440][  0]LogInit: Texture streaming: Enabled
[2016.07.21-02.38.51:638][  0]LogInit: Transaction tracking system initialized
[2016.07.21-02.38.52:880][  0]BlueprintLog: New page: Editor Load
[2016.07.21-02.38.54:223][  0]LocalizationService: Info Localization service is disabled
[2016.07.21-02.38.55:026][  0]LogConsoleResponse:Display: 
[2016.07.21-02.38.57:918][  0]LogFileCache: Scanning file cache for directory 'C:/Users/Jason/Desktop/GitHub/ProjectD/UE4_ProjectD/Content/' took 0.02s
[2016.07.21-02.38.57:918][  0]LogCook:Display: Max memory allowance for cook 8192mb
[2016.07.21-02.38.57:918][  0]LogCook:Display: Mobile HDR setting 1
[2016.07.21-02.39.01:080][  0]SourceControl: Info Source control is disabled
[2016.07.21-02.39.01:098][  0]Cmd: MAP LOAD FILE="../../../../../../Users/Jason/Desktop/GitHub/ProjectD/UE4_ProjectD/Content/ThirdPersonCPP/Maps/ThirdPersonExampleMap.umap" TEMPLATE=0 SHOWPROGRESS=1 FEATURELEVEL=3
[2016.07.21-02.39.01:142][  0]LightingResults: New page: Lighting Build
[2016.07.21-02.39.01:296][  0]MapCheck: New page: Map Check
[2016.07.21-02.39.01:296][  0]LightingResults: New page: Lighting Build
[2016.07.21-02.39.05:397][  0]LogAIModule: Creating AISystem for world ThirdPersonExampleMap
[2016.07.21-02.39.06:987][  0]LogEditorServer: Finished looking for orphan Actors (0.000 secs)
[2016.07.21-02.39.07:115][  0]Cmd: MAP CHECKDEP NOCLEARLOG
[2016.07.21-02.39.07:182][  0]MapCheck: Info Map check complete: 0 Error(s), 0 Warning(s), took 67.175ms to complete.
[2016.07.21-02.39.07:182][  0]LogFileHelpers: Loading map 'ThirdPersonExampleMap' took 6.085
[2016.07.21-02.39.10:384][  0]LogCollectionManager: Loaded 0 collections in 0.032465 seconds
[2016.07.21-02.39.11:331][  0]LogFileCache: Scanning file cache for directory 'C:/Users/Jason/Desktop/GitHub/ProjectD/UE4_ProjectD/Saved/Collections/' took 0.01s
[2016.07.21-02.39.11:331][  0]LogFileCache: Scanning file cache for directory 'C:/Users/Jason/Desktop/GitHub/ProjectD/UE4_ProjectD/Content/Developers/Jason/Collections/' took 0.01s
[2016.07.21-02.39.11:331][  0]LogFileCache: Scanning file cache for directory 'C:/Users/Jason/Desktop/GitHub/ProjectD/UE4_ProjectD/Content/Collections/' took 0.01s
[2016.07.21-02.39.11:331][  0]LogCollectionManager: Rebuilt the GUID cache for 0 collections in 0.000002 seconds
[2016.07.21-02.39.11:485][  0]LogContentBrowser: Native class hierarchy populated in 0.1280 seconds. Added 2049 classes and 371 folders.
[2016.07.21-02.39.11:590][  0]LogStats: UGameplayTagsManager::ConstructGameplayTagTree: Construct from data asset -  0.000 s
[2016.07.21-02.39.11:591][  0]LogStats: UGameplayTagsManager::ConstructGameplayTagTree: GameplayTagTreeChangedEvent.Broadcast -  0.001 s
[2016.07.21-02.39.11:598][  0]LogContentBrowser: Native class hierarchy updated for 'GameplayTags' in 0.0013 seconds. Added 12 classes and 0 folders.
[2016.07.21-02.39.11:631][  0]LogContentBrowser: Native class hierarchy updated for 'WidgetCarousel' in 0.0010 seconds. Added 0 classes and 0 folders.
[2016.07.21-02.39.17:164][  0]LogContentBrowser: Native class hierarchy updated for 'AddContentDialog' in 0.0011 seconds. Added 0 classes and 0 folders.
[2016.07.21-02.39.18:343][  0]LogContentBrowser: Native class hierarchy updated for 'SceneOutliner' in 0.0022 seconds. Added 1 classes and 2 folders.
[2016.07.21-02.39.23:579][  0]LogCrashTracker: Crashtracker disabled due to settings.
[2016.07.21-02.39.24:432][  0]LogUObjectGlobals:Warning: Failed to find object 'Class None.'
[2016.07.21-02.39.24:686][  0]LogContentBrowser: Native class hierarchy updated for 'HierarchicalLODOutliner' in 0.0025 seconds. Added 1 classes and 2 folders.
[2016.07.21-02.39.24:686][  0]LogLoad: Full Startup: 187.06 seconds (BP compile: 0.59 seconds)
[2016.07.21-02.39.24:687][  0]LogExternalProfiler: Found external profiler: VSPerf
[2016.07.21-02.39.24:687][  0]LogExternalProfiler: Using external profiler: VSPerf
[2016.07.21-02.39.24:775][  0]LogOcInput: OculusInput pre-init called
[2016.07.21-02.39.25:245][  0]LogContentStreaming: Texture pool size now 400 MB
[2016.07.21-02.39.27:359][  0]LogRenderer: Reallocating scene render targets to support 1192x620 (Frame:2).
[2016.07.21-02.39.28:061][  4]LogAssetRegistry: Asset discovery search completed in 107.7572 seconds
[2016.07.21-02.39.28:061][  4]LogCollectionManager: Rebuilt the object cache for 0 collections in 0.000001 seconds (found 0 objects)
[2016.07.21-02.39.28:061][  4]LogCollectionManager: Fixed up redirectors for 0 collections in 0.000039 seconds (updated 0 objects)
[2016.07.21-02.49.12:837][567]LogBlueprintUserMessages: Early PlayInEditor Detection: Level '/Game/ThirdPersonCPP/Maps/ThirdPersonExampleMap.ThirdPersonExampleMap:PersistentLevel' has LevelScriptBlueprint '/Game/ThirdPersonCPP/Maps/ThirdPersonExampleMap.ThirdPersonExampleMap:PersistentLevel.ThirdPersonExampleMap' with GeneratedClass '/Game/ThirdPersonCPP/Maps/ThirdPersonExampleMap.ThirdPersonExampleMap_C' with ClassGeneratedBy '/Game/ThirdPersonCPP/Maps/ThirdPersonExampleMap.ThirdPersonExampleMap:PersistentLevel.ThirdPersonExampleMap'
[2016.07.21-02.49.12:837][567]LogPlayLevel: PlayLevel: No blueprints needed recompiling
[2016.07.21-02.49.12:981][567]PIE: New page: PIE session: ThirdPersonExampleMap (Jul 20, 2016, 11:49:12 AM)
[2016.07.21-02.49.12:981][567]LogPlayLevel: Creating play world package: /Game/ThirdPersonCPP/Maps/UEDPIE_0_ThirdPersonExampleMap
[2016.07.21-02.49.13:056][567]LogPlayLevel: PIE: StaticDuplicateObject took: (0.074501s)
[2016.07.21-02.49.13:057][567]LogAIModule: Creating AISystem for world ThirdPersonExampleMap
[2016.07.21-02.49.13:057][567]LogPlayLevel: PIE: World Init took: (0.000882s)
[2016.07.21-02.49.13:057][567]LogPlayLevel: PIE: Created PIE world by copying editor world from /Game/ThirdPersonCPP/Maps/ThirdPersonExampleMap.ThirdPersonExampleMap to /Game/ThirdPersonCPP/Maps/UEDPIE_0_ThirdPersonExampleMap.ThirdPersonExampleMap (0.075698s)
[2016.07.21-02.49.13:103][567]LogInit: XAudio2 using 'Headphones (High Definition Audio Device)' : 2 channels at 44.1 kHz using 16 bits per sample (channel mask 0x3)
[2016.07.21-02.49.13:108][567]LogInit: FAudioDevice initialized.
[2016.07.21-02.49.13:293][567]LogWorld: Game class is 'UE4_ProjectDGameMode'
[2016.07.21-02.49.13:356][567]LogWorld: Bringing World /Game/ThirdPersonCPP/Maps/UEDPIE_0_ThirdPersonExampleMap.ThirdPersonExampleMap up for play (max tick rate 0) at 2016.07.20-19.49.13
[2016.07.21-02.49.13:380][567]LogWorld: Bringing up level for play took: 0.027215
[2016.07.21-02.49.13:543][567]LogContentBrowser: Native class hierarchy updated for 'MovieSceneCapture' in 0.0012 seconds. Added 11 classes and 0 folders.
[2016.07.21-02.49.13:561][567]PIE: Info Play in editor start time for /Game/ThirdPersonCPP/Maps/UEDPIE_0_ThirdPersonExampleMap 0.272
[2016.07.21-02.49.13:561][567]LogBlueprintUserMessages: Late PlayInEditor Detection: Level '/Game/ThirdPersonCPP/Maps/ThirdPersonExampleMap.ThirdPersonExampleMap:PersistentLevel' has LevelScriptBlueprint '/Game/ThirdPersonCPP/Maps/ThirdPersonExampleMap.ThirdPersonExampleMap:PersistentLevel.ThirdPersonExampleMap' with GeneratedClass '/Game/ThirdPersonCPP/Maps/ThirdPersonExampleMap.ThirdPersonExampleMap_C' with ClassGeneratedBy '/Game/ThirdPersonCPP/Maps/ThirdPersonExampleMap.ThirdPersonExampleMap:PersistentLevel.ThirdPersonExampleMap'
[2016.07.21-02.49.21:553][294]LogBlueprintUserMessages: Early EndPlayMap Detection: Level '/Game/ThirdPersonCPP/Maps/ThirdPersonExampleMap.ThirdPersonExampleMap:PersistentLevel' has LevelScriptBlueprint '/Game/ThirdPersonCPP/Maps/ThirdPersonExampleMap.ThirdPersonExampleMap:PersistentLevel.ThirdPersonExampleMap' with GeneratedClass '/Game/ThirdPersonCPP/Maps/ThirdPersonExampleMap.ThirdPersonExampleMap_C' with ClassGeneratedBy '/Game/ThirdPersonCPP/Maps/ThirdPersonExampleMap.ThirdPersonExampleMap:PersistentLevel.ThirdPersonExampleMap'
[2016.07.21-02.49.21:681][294]LogBlueprintUserMessages: Late EndPlayMap Detection: Level '/Game/ThirdPersonCPP/Maps/ThirdPersonExampleMap.ThirdPersonExampleMap:PersistentLevel' has LevelScriptBlueprint '/Game/ThirdPersonCPP/Maps/ThirdPersonExampleMap.ThirdPersonExampleMap:PersistentLevel.ThirdPersonExampleMap' with GeneratedClass '/Game/ThirdPersonCPP/Maps/ThirdPersonExampleMap.ThirdPersonExampleMap_C' with ClassGeneratedBy '/Game/ThirdPersonCPP/Maps/ThirdPersonExampleMap.ThirdPersonExampleMap:PersistentLevel.ThirdPersonExampleMap'
[2016.07.21-02.49.41:683][579]LogEditorActor: Deleted Actor: StaticMeshActor
[2016.07.21-02.49.41:699][579]LogEditorActor: Deleted 1 Actors (0.025 secs)
[2016.07.21-02.49.44:158][871]LogEditorActor: Deleted Actor: StaticMeshActor
[2016.07.21-02.49.44:167][871]LogEditorActor: Deleted 1 Actors (0.010 secs)
[2016.07.21-02.49.45:645][ 46]LogEditorActor: Deleted Actor: StaticMeshActor
[2016.07.21-02.49.45:654][ 46]LogEditorActor: Deleted 1 Actors (0.010 secs)
[2016.07.21-02.49.46:978][202]LogEditorActor: Deleted Actor: StaticMeshActor
[2016.07.21-02.49.46:986][202]LogEditorActor: Deleted 1 Actors (0.009 secs)
[2016.07.21-02.49.48:846][419]LogEditorActor: Deleted Actor: StaticMeshActor
[2016.07.21-02.49.48:862][419]LogEditorActor: Deleted 1 Actors (0.016 secs)
[2016.07.21-02.49.50:041][556]LogEditorViewport: Clicking on Actor (LMB): StaticMeshActor (Floor)
[2016.07.21-02.49.58:960][539]LogEditorActor: Deleted Actor: StaticMeshActor
[2016.07.21-02.49.58:972][539]LogEditorActor: Deleted 1 Actors (0.012 secs)
[2016.07.21-02.49.59:810][637]LogEditorViewport: Clicking on Actor (LMB): StaticMeshActor (Floor)
[2016.07.21-02.50.06:830][260]MapCheck: New page: Map Check
[2016.07.21-02.50.06:946][260]LightingResults: New page: Lighting Build - Jul 20, 2016, 11:50:06 AM
[2016.07.21-02.50.07:274][260]LogSwarmInterface: [OpenConnection] Registering TCP channel ...
[2016.07.21-02.50.07:679][260]LogSwarmInterface: [OpenConnection] Connecting to agent ...
[2016.07.21-02.50.07:951][260]LogSwarmInterface: [TryOpenConnection] Testing the Agent
[2016.07.21-02.50.10:687][260]LogSwarmInterface:Error: [TryOpenConnection] Waiting for the agent to start up ...
[2016.07.21-02.50.11:066][260]LogSwarmInterface:Error: System.Net.Sockets.SocketException (0x80004005): No connection could be made because the target machine actively refused it 127.0.0.1:8008

Server stack trace: 
   at System.Net.Sockets.Socket.DoConnect(EndPoint endPointSnapshot, SocketAddress socketAddress)
   at System.Net.Sockets.Socket.Connect(EndPoint remoteEP)
   at System.Runtime.Remoting.Channels.RemoteConnection.CreateNewSocket(EndPoint ipEndPoint)
   at System.Runtime.Remoting.Channels.SocketCache.GetSocket(String machinePortAndSid, Boolean openNew)
   at System.Runtime.Remoting.Channels.Tcp.TcpClientTransportSink.SendRequestWithRetry(IMessage msg, ITransportHeaders requestHeaders, Stream requestStream)
   at System.Runtime.Remoting.Channels.Tcp.TcpClientTransportSink.AsyncProcessRequest(IClientChannelSinkStack sinkStack, IMessage msg, ITransportHeaders headers, Stream stream)
   at System.Runtime.Remoting.Channels.BinaryClientFormatterSink.AsyncProcessMessage(IMessage msg, IMessageSink replySink)

Exception rethrown at [0]: 
   at System.Runtime.Remoting.Proxies.RealProxy.HandleReturnMessage(IMessage reqMsg, IMessage retMsg)
   at System.Runtime.Remoting.Proxies.RealProxy.PrivateInvoke(MessageData& msgData, Int32 type)
   at NSwarm.IAgentInterfaceWrapper.MethodDelegate.EndInvoke(Hashtable& OutParameters, IAsyncResult result)
   at NSwarm.FSwarmInterface.TryOpenConnection(FConnectionCallback CallbackFunc, IntPtr CallbackData, ELogFlags LoggingFlags) in i:\Perforce2\UE4-Orion\Engine\Source\Editor\SwarmInterface\DotNET\SwarmInterface.cs:line 2811
[2016.07.21-02.50.16:343][260]LogSwarmInterface: [TryOpenConnection] Opening Connection to Agent
[2016.07.21-02.50.16:343][260]LogSwarmInterface: [TryOpenConnection] Local Process ID is 10040
[2016.07.21-02.50.22:175][260]LogStaticLightingSystem: Running Lightmass w/ ImmediateImport mode ENABLED
[2016.07.21-02.50.22:175][260]LogStaticLightingSystem: Running Lightmass w/ ImmediateProcess mode ENABLED
[2016.07.21-02.50.22:175][260]LogStaticLightingSystem: Running Lightmass w/ Sorting mode ENABLED
[2016.07.21-02.50.22:175][260]LogStaticLightingSystem: Running Lightmass w/ Mapping paddings ENABLED
[2016.07.21-02.50.22:175][260]LogStaticLightingSystem: Running Lightmass w/ Mapping debug paddings DISABLED
[2016.07.21-02.50.22:987][260]LogEditorBuildUtils: Build time 0:16
[2016.07.21-02.50.23:795][261]LogSavePackage: Save=510.24ms
[2016.07.21-02.50.23:795][261]LogSavePackage: Moving '../../../../../../Users/Jason/Desktop/GitHub/ProjectD/UE4_ProjectD/Saved/ThirdPersonExampleMap_Auto1FBA3416C40AD0A72DE484095673B4D9A.tmp' to '../../../../../../Users/Jason/Desktop/GitHub/ProjectD/UE4_ProjectD/Saved/Autosaves/Game/ThirdPersonCPP/Maps/ThirdPersonExampleMap_Auto1.umap'
[2016.07.21-02.50.23:796][261]LogSavePackage:Display: Finished SavePackage ../../../../../../Users/Jason/Desktop/GitHub/ProjectD/UE4_ProjectD/Saved/Autosaves/Game/ThirdPersonCPP/Maps/ThirdPersonExampleMap_Auto1.umap
[2016.07.21-02.50.23:807][261]LogFileHelpers: Editor autosave (incl. sublevels) for '/Game/ThirdPersonCPP/Maps/ThirdPersonExampleMap' took 0.611
[2016.07.21-02.50.23:807][261]LogFileHelpers: Editor autosave (incl. sublevels) for all levels took 0.611
[2016.07.21-02.50.23:835][261]LogMaterial: Missing cached shader map for material FLightmassMaterialRenderer CubeMaterial, compiling. 
[2016.07.21-02.50.23:982][261]LogMaterial: Missing cached shader map for material FLightmassMaterialRenderer CubeMaterial, compiling. 
[2016.07.21-02.50.27:016][269]LogBlueprintUserMessages: Early PlayInEditor Detection: Level '/Game/ThirdPersonCPP/Maps/ThirdPersonExampleMap.ThirdPersonExampleMap:PersistentLevel' has LevelScriptBlueprint '/Game/ThirdPersonCPP/Maps/ThirdPersonExampleMap.ThirdPersonExampleMap:PersistentLevel.ThirdPersonExampleMap' with GeneratedClass '/Game/ThirdPersonCPP/Maps/ThirdPersonExampleMap.ThirdPersonExampleMap_C' with ClassGeneratedBy '/Game/ThirdPersonCPP/Maps/ThirdPersonExampleMap.ThirdPersonExampleMap:PersistentLevel.ThirdPersonExampleMap'
[2016.07.21-02.50.27:016][269]LogPlayLevel: PlayLevel: No blueprints needed recompiling
[2016.07.21-02.50.27:016][269]PIE: New page: PIE session: ThirdPersonExampleMap (Jul 20, 2016, 11:50:27 AM)
[2016.07.21-02.50.27:016][269]LogPlayLevel: Creating play world package: /Game/ThirdPersonCPP/Maps/UEDPIE_0_ThirdPersonExampleMap
[2016.07.21-02.50.27:039][269]LogPlayLevel: PIE: StaticDuplicateObject took: (0.022891s)
[2016.07.21-02.50.27:041][269]LogAIModule: Creating AISystem for world ThirdPersonExampleMap
[2016.07.21-02.50.27:041][269]LogPlayLevel: PIE: World Init took: (0.001220s)
[2016.07.21-02.50.27:041][269]LogPlayLevel: PIE: Created PIE world by copying editor world from /Game/ThirdPersonCPP/Maps/ThirdPersonExampleMap.ThirdPersonExampleMap to /Game/ThirdPersonCPP/Maps/UEDPIE_0_ThirdPersonExampleMap.ThirdPersonExampleMap (0.024468s)
[2016.07.21-02.50.27:056][269]LogInit: XAudio2 using 'Headphones (High Definition Audio Device)' : 2 channels at 44.1 kHz using 16 bits per sample (channel mask 0x3)
[2016.07.21-02.50.27:063][269]LogInit: FAudioDevice initialized.
[2016.07.21-02.50.27:111][269]LogWorld: Game class is 'UE4_ProjectDGameMode'
[2016.07.21-02.50.27:116][269]LogWorld: Bringing World /Game/ThirdPersonCPP/Maps/UEDPIE_0_ThirdPersonExampleMap.ThirdPersonExampleMap up for play (max tick rate 0) at 2016.07.20-19.50.27
[2016.07.21-02.50.27:116][269]LogWorld: Bringing up level for play took: 0.003656
[2016.07.21-02.50.27:117][269]PIE: Info Play in editor start time for /Game/ThirdPersonCPP/Maps/UEDPIE_0_ThirdPersonExampleMap -0.173
[2016.07.21-02.50.27:117][269]LogBlueprintUserMessages: Late PlayInEditor Detection: Level '/Game/ThirdPersonCPP/Maps/ThirdPersonExampleMap.ThirdPersonExampleMap:PersistentLevel' has LevelScriptBlueprint '/Game/ThirdPersonCPP/Maps/ThirdPersonExampleMap.ThirdPersonExampleMap:PersistentLevel.ThirdPersonExampleMap' with GeneratedClass '/Game/ThirdPersonCPP/Maps/ThirdPersonExampleMap.ThirdPersonExampleMap_C' with ClassGeneratedBy '/Game/ThirdPersonCPP/Maps/ThirdPersonExampleMap.ThirdPersonExampleMap:PersistentLevel.ThirdPersonExampleMap'
[2016.07.21-02.50.33:059][820]Job is a success!
[2016.07.21-02.50.35:525][899]LogBlueprintUserMessages: Early EndPlayMap Detection: Level '/Game/ThirdPersonCPP/Maps/ThirdPersonExampleMap.ThirdPersonExampleMap:PersistentLevel' has LevelScriptBlueprint '/Game/ThirdPersonCPP/Maps/ThirdPersonExampleMap.ThirdPersonExampleMap:PersistentLevel.ThirdPersonExampleMap' with GeneratedClass '/Game/ThirdPersonCPP/Maps/ThirdPersonExampleMap.ThirdPersonExampleMap_C' with ClassGeneratedBy '/Game/ThirdPersonCPP/Maps/ThirdPersonExampleMap.ThirdPersonExampleMap:PersistentLevel.ThirdPersonExampleMap'
[2016.07.21-02.50.35:591][899]LogBlueprintUserMessages: Late EndPlayMap Detection: Level '/Game/ThirdPersonCPP/Maps/ThirdPersonExampleMap.ThirdPersonExampleMap:PersistentLevel' has LevelScriptBlueprint '/Game/ThirdPersonCPP/Maps/ThirdPersonExampleMap.ThirdPersonExampleMap:PersistentLevel.ThirdPersonExampleMap' with GeneratedClass '/Game/ThirdPersonCPP/Maps/ThirdPersonExampleMap.ThirdPersonExampleMap_C' with ClassGeneratedBy '/Game/ThirdPersonCPP/Maps/ThirdPersonExampleMap.ThirdPersonExampleMap:PersistentLevel.ThirdPersonExampleMap'
[2016.07.21-02.51.38:530][712]LogEditorViewport: Clicking on Actor (context menu): StaticMeshActor (Floor)
[2016.07.21-02.51.39:619][808]LogEditorViewport: Clicking on Actor (LMB): StaticMeshActor (Floor)
[2016.07.21-02.52.40:128][809]LogTexture:Display: Building textures: SkyOcclusion0_1 (AutoDXT)
[2016.07.21-02.52.40:128][809]LogTexture:Display: Building textures: HQ_Lightmap0_1 (AutoDXT)
[2016.07.21-02.52.40:128][809]LogTexture:Display: Building textures: LQ_Lightmap_0_1 (DXT1)
[2016.07.21-02.52.40:128][809]LogTexture:Display: Building textures: SkyOcclusion0_2 (AutoDXT)
[2016.07.21-02.52.40:128][809]LogTexture:Display: Building textures: HQ_Lightmap0_2 (AutoDXT)
[2016.07.21-02.52.40:128][809]LogTexture:Display: Building textures: LQ_Lightmap_0_2 (DXT1)
[2016.07.21-02.52.40:300][809]LogTexture:Display: Building textures: ShadowMapTexture2D_0 (G8)
[2016.07.21-02.52.40:300][809]LogTexture:Display: Building textures: ShadowMapTexture2D_1 (G8)
[2016.07.21-02.52.40:426][809]Lightmass on JASON-PC: 2:12 min total, 99 ms importing, 3 ms setup, 878 ms photons, 2:11 min processing, 0 ms extra exporting [6/6 mappings]. Threads: 8:45 min total, 11.9 sec processing.
[2016.07.21-02.52.40:465][809]LogStaticLightingSystem: Illumination: 27.8 sec (1.22 sec encoding lightmaps, 171 ms encoding shadowmaps)
[2016.07.21-02.52.40:465][809]LogStaticLightingSystem: Lightmap texture memory:  2.7 MB (2.7 MB streaming, 0.0 MB non-streaming), 4 textures
[2016.07.21-02.52.40:465][809]LogStaticLightingSystem: Shadowmap texture memory: 0.7 MB (0.7 MB streaming, 0.0 MB non-streaming), 2 textures
[2016.07.21-02.52.41:177][810]Cmd: MAP CHECK NOTIFYRESULTS
[2016.07.21-02.52.41:177][810]MapCheck: New page: ThirdPersonExampleMap - Jul 20, 2016, 11:52:41 AM
[2016.07.21-02.52.41:287][810]MapCheck: Info Map check complete: 0 Error(s), 0 Warning(s), took 110.309ms to complete.
[2016.07.21-03.00.34:106][975]LogSavePackage: Save=201.93ms
[2016.07.21-03.00.34:106][975]LogSavePackage: Moving '../../../../../../Users/Jason/Desktop/GitHub/ProjectD/UE4_ProjectD/Saved/ThirdPersonExampleMap_Auto2B949A5E34AD0E9D32DCC0D8035DA34BF.tmp' to '../../../../../../Users/Jason/Desktop/GitHub/ProjectD/UE4_ProjectD/Saved/Autosaves/Game/ThirdPersonCPP/Maps/ThirdPersonExampleMap_Auto2.umap'
[2016.07.21-03.00.34:107][975]LogSavePackage:Display: Finished SavePackage ../../../../../../Users/Jason/Desktop/GitHub/ProjectD/UE4_ProjectD/Saved/Autosaves/Game/ThirdPersonCPP/Maps/ThirdPersonExampleMap_Auto2.umap
[2016.07.21-03.00.34:108][975]LogFileHelpers: Editor autosave (incl. sublevels) for '/Game/ThirdPersonCPP/Maps/ThirdPersonExampleMap' took 0.231
[2016.07.21-03.00.34:108][975]LogFileHelpers: Editor autosave (incl. sublevels) for all levels took 0.231
[2016.07.21-03.06.47:170][ 95]LogBlueprintUserMessages: Early PlayInEditor Detection: Level '/Game/ThirdPersonCPP/Maps/ThirdPersonExampleMap.ThirdPersonExampleMap:PersistentLevel' has LevelScriptBlueprint '/Game/ThirdPersonCPP/Maps/ThirdPersonExampleMap.ThirdPersonExampleMap:PersistentLevel.ThirdPersonExampleMap' with GeneratedClass '/Game/ThirdPersonCPP/Maps/ThirdPersonExampleMap.ThirdPersonExampleMap_C' with ClassGeneratedBy '/Game/ThirdPersonCPP/Maps/ThirdPersonExampleMap.ThirdPersonExampleMap:PersistentLevel.ThirdPersonExampleMap'
[2016.07.21-03.06.47:170][ 95]LogPlayLevel: PlayLevel: No blueprints needed recompiling
[2016.07.21-03.06.47:171][ 95]PIE: New page: PIE session: ThirdPersonExampleMap (Jul 20, 2016, 12:06:47 PM)
[2016.07.21-03.06.47:171][ 95]LogPlayLevel: Creating play world package: /Game/ThirdPersonCPP/Maps/UEDPIE_0_ThirdPersonExampleMap
[2016.07.21-03.06.47:216][ 95]LogPlayLevel: PIE: StaticDuplicateObject took: (0.044463s)
[2016.07.21-03.06.47:217][ 95]LogAIModule: Creating AISystem for world ThirdPersonExampleMap
[2016.07.21-03.06.47:217][ 95]LogPlayLevel: PIE: World Init took: (0.001046s)
[2016.07.21-03.06.47:217][ 95]LogPlayLevel: PIE: Created PIE world by copying editor world from /Game/ThirdPersonCPP/Maps/ThirdPersonExampleMap.ThirdPersonExampleMap to /Game/ThirdPersonCPP/Maps/UEDPIE_0_ThirdPersonExampleMap.ThirdPersonExampleMap (0.045905s)
[2016.07.21-03.06.47:233][ 95]LogInit: XAudio2 using 'Headphones (High Definition Audio Device)' : 2 channels at 44.1 kHz using 16 bits per sample (channel mask 0x3)
[2016.07.21-03.06.47:239][ 95]LogInit: FAudioDevice initialized.
[2016.07.21-03.06.47:290][ 95]LogWorld: Game class is 'UE4_ProjectDGameMode'
[2016.07.21-03.06.47:295][ 95]LogWorld: Bringing World /Game/ThirdPersonCPP/Maps/UEDPIE_0_ThirdPersonExampleMap.ThirdPersonExampleMap up for play (max tick rate 0) at 2016.07.20-20.06.47
[2016.07.21-03.06.47:295][ 95]LogWorld: Bringing up level for play took: 0.004006
[2016.07.21-03.06.47:296][ 95]PIE: Info Play in editor start time for /Game/ThirdPersonCPP/Maps/UEDPIE_0_ThirdPersonExampleMap -0.014
[2016.07.21-03.06.47:297][ 95]LogBlueprintUserMessages: Late PlayInEditor Detection: Level '/Game/ThirdPersonCPP/Maps/ThirdPersonExampleMap.ThirdPersonExampleMap:PersistentLevel' has LevelScriptBlueprint '/Game/ThirdPersonCPP/Maps/ThirdPersonExampleMap.ThirdPersonExampleMap:PersistentLevel.ThirdPersonExampleMap' with GeneratedClass '/Game/ThirdPersonCPP/Maps/ThirdPersonExampleMap.ThirdPersonExampleMap_C' with ClassGeneratedBy '/Game/ThirdPersonCPP/Maps/ThirdPersonExampleMap.ThirdPersonExampleMap:PersistentLevel.ThirdPersonExampleMap'
[2016.07.21-03.06.52:602][565]LogBlueprintUserMessages: Early EndPlayMap Detection: Level '/Game/ThirdPersonCPP/Maps/ThirdPersonExampleMap.ThirdPersonExampleMap:PersistentLevel' has LevelScriptBlueprint '/Game/ThirdPersonCPP/Maps/ThirdPersonExampleMap.ThirdPersonExampleMap:PersistentLevel.ThirdPersonExampleMap' with GeneratedClass '/Game/ThirdPersonCPP/Maps/ThirdPersonExampleMap.ThirdPersonExampleMap_C' with ClassGeneratedBy '/Game/ThirdPersonCPP/Maps/ThirdPersonExampleMap.ThirdPersonExampleMap:PersistentLevel.ThirdPersonExampleMap'
[2016.07.21-03.06.52:633][565]LogBlueprintUserMessages: Late EndPlayMap Detection: Level '/Game/ThirdPersonCPP/Maps/ThirdPersonExampleMap.ThirdPersonExampleMap:PersistentLevel' has LevelScriptBlueprint '/Game/ThirdPersonCPP/Maps/ThirdPersonExampleMap.ThirdPersonExampleMap:PersistentLevel.ThirdPersonExampleMap' with GeneratedClass '/Game/ThirdPersonCPP/Maps/ThirdPersonExampleMap.ThirdPersonExampleMap_C' with ClassGeneratedBy '/Game/ThirdPersonCPP/Maps/ThirdPersonExampleMap.ThirdPersonExampleMap:PersistentLevel.ThirdPersonExampleMap'
[2016.07.21-03.07.05:528][ 71]LogEditorActor: Deleted Actor: TextRenderActor
[2016.07.21-03.07.05:536][ 71]LogEditorActor: Deleted 1 Actors (0.008 secs)
[2016.07.21-03.07.14:262][913]LogEditorActor: Deleted Actor: DocumentationActor
[2016.07.21-03.07.14:270][913]LogEditorActor: Deleted 1 Actors (0.008 secs)
[2016.07.21-03.07.19:211][493]LogEditorActor: Deleted Actor: AtmosphericFog
[2016.07.21-03.07.19:223][493]LogEditorActor: Deleted 1 Actors (0.013 secs)
[2016.07.21-03.07.21:112][717]LogEditorActor: Deleted Actor: SphereReflectionCapture
[2016.07.21-03.07.21:121][717]LogEditorActor: Deleted 1 Actors (0.008 